<?xml version="1.0" encoding="UTF-8"?>
<!-- Generated by org.testng.reporters.JUnitXMLReporter -->
<testsuite hostname="DESKTOP-88C78MG" ignored="0" name="Test" tests="1" failures="0" timestamp="02 Jan 2019 21:17:48 GMT" time="54.823" errors="0">
  <testcase name="@BeforeClass beforeClass" time="54.755" classname="org.test.mobile_app.mobile_app.App">
    <failure type="org.openqa.selenium.WebDriverException" message="Failed to connect to binary FirefoxBinary(C:\Program Files\Mozilla Firefox\firefox.exe) on port 7055; process output follows: 
,&amp;quot;description&amp;quot;:&amp;quot;McAfeeÂ® WebAdvisor&amp;quot;,&amp;quot;creator&amp;quot;:null,&amp;quot;developers&amp;quot;:null,&amp;quot;translators&amp;quot;:null,&amp;quot;contributors&amp;quot;:null,&amp;quot;locales&amp;quot;:[&amp;quot;zh-TW&amp;quot;]},{&amp;quot;name&amp;quot;:&amp;quot;McAfeeÂ® WebAdvisor&amp;quot;,&amp;quot;description&amp;quot;:&amp;quot;McAfeeÂ® WebAdvisor&amp;quot;,&amp;quot;creator&amp;quot;:null,&amp;quot;developers&amp;quot;:null,&amp;quot;translators&amp;quot;:null,&amp;quot;contributors&amp;quot;:null,&amp;quot;locales&amp;quot;:[&amp;quot;pt-BR&amp;quot;]},{&amp;quot;name&amp;quot;:&amp;quot;McAfeeÂ® WebAdvisor&amp;quot;,&amp;quot;description&amp;quot;:&amp;quot;McAfeeÂ® WebAdvisor&amp;quot;,&amp;quot;creator&amp;quot;:null,&amp;quot;developers&amp;quot;:null,&amp;quot;translators&amp;quot;:null,&amp;quot;contributors&amp;quot;:null,&amp;quot;locales&amp;quot;:[&amp;quot;da&amp;quot;]},{&amp;quot;name&amp;quot;:&amp;quot;McAfeeÂ® WebAdvisor&amp;quot;,&amp;quot;description&amp;quot;:&amp;quot;McAfeeÂ® WebAdvisor&amp;quot;,&amp;quot;creator&amp;quot;:null,&amp;quot;developers&amp;quot;:null,&amp;quot;translators&amp;quot;:null,&amp;quot;contributors&amp;quot;:null,&amp;quot;locales&amp;quot;:[&amp;quot;tr&amp;quot;]},{&amp;quot;name&amp;quot;:&amp;quot;McAfeeÂ® WebAdvisor&amp;quot;,&amp;quot;description&amp;quot;:&amp;quot;McAfeeÂ® WebAdvisor&amp;quot;,&amp;quot;creator&amp;quot;:null,&amp;quot;developers&amp;quot;:null,&amp;quot;translators&amp;quot;:null,&amp;quot;contributors&amp;quot;:null,&amp;quot;locales&amp;quot;:[&amp;quot;nl&amp;quot;]}],&amp;quot;targetApplications&amp;quot;:[{&amp;quot;id&amp;quot;:&amp;quot;toolkit@mozilla.org&amp;quot;,&amp;quot;minVersion&amp;quot;:&amp;quot;51.0&amp;quot;,&amp;quot;maxVersion&amp;quot;:null}],&amp;quot;targetPlatforms&amp;quot;:[],&amp;quot;signedState&amp;quot;:2,&amp;quot;seen&amp;quot;:false,&amp;quot;dependencies&amp;quot;:[],&amp;quot;hasEmbeddedWebExtension&amp;quot;:false,&amp;quot;userPermissions&amp;quot;:{&amp;quot;permissions&amp;quot;:[&amp;quot;tabs&amp;quot;,&amp;quot;downloads&amp;quot;,&amp;quot;nativeMessaging&amp;quot;,&amp;quot;webRequest&amp;quot;,&amp;quot;storage&amp;quot;],&amp;quot;origins&amp;quot;:[&amp;quot;&amp;lt;all_urls&amp;gt;&amp;quot;,&amp;quot;http://*/*&amp;quot;,&amp;quot;https://*/*&amp;quot;]},&amp;quot;icons&amp;quot;:{&amp;quot;128&amp;quot;:&amp;quot;images/webadvisor.png&amp;quot;},&amp;quot;iconURL&amp;quot;:null,&amp;quot;icon64URL&amp;quot;:null,&amp;quot;blocklistState&amp;quot;:0,&amp;quot;blocklistURL&amp;quot;:null,&amp;quot;startupData&amp;quot;:null,&amp;quot;hidden&amp;quot;:false,&amp;quot;installTelemetryInfo&amp;quot;:{&amp;quot;source&amp;quot;:&amp;quot;winreg-app-global&amp;quot;,&amp;quot;method&amp;quot;:&amp;quot;sideload&amp;quot;},&amp;quot;location&amp;quot;:&amp;quot;winreg-app-global&amp;quot;}
1546463828067	addons.xpi-utils	DEBUG	Updating add-on states
1546463828145	addons.xpi	DEBUG	Calling bootstrap method startup on formautofill@mozilla.org version 1.0
1546463828211	addons.xpi	DEBUG	Calling bootstrap method startup on screenshots@mozilla.org version 35.0.0
1546463828212	addons.xpi	DEBUG	Calling bootstrap method startup on webcompat@mozilla.org version 3.0.0
1546463828225	addons.manager	DEBUG	Registering shutdown blocker for XPIProvider
1546463828225	addons.manager	DEBUG	Provider finished startup: XPIProvider
1546463828225	addons.manager	DEBUG	Starting provider: LightweightThemeManager
1546463828225	addons.manager	DEBUG	Registering shutdown blocker for LightweightThemeManager
1546463828227	addons.manager	DEBUG	Provider finished startup: LightweightThemeManager
1546463828228	addons.manager	DEBUG	Starting provider: GMPProvider
1546463828277	addons.manager	DEBUG	Registering shutdown blocker for GMPProvider
1546463828278	addons.manager	DEBUG	Provider finished startup: GMPProvider
1546463828278	addons.manager	DEBUG	Starting provider: PluginProvider
1546463828278	addons.manager	DEBUG	Registering shutdown blocker for PluginProvider
1546463828278	addons.manager	DEBUG	Provider finished startup: PluginProvider
1546463828298	addons.manager	DEBUG	Completed startup sequence
1546463840074	addons.repository	DEBUG	No addons.json found.
1546463849491	addons.manager	DEBUG	Registering upgrade listener for formautofill@mozilla.org
[Parent 16636, Gecko_IOThread] WARNING: pipe error: 109: file z:/build/build/src/ipc/chromium/src/chrome/common/ipc_channel_win.cc, line 346
[Child 37844, Chrome_ChildThread] WARNING: pipe error: 109: file z:/build/build/src/ipc/chromium/src/chrome/common/ipc_channel_win.cc, line 346
[Child 37844, Chrome_Ch[Parent 16636, Gecko_IOThread] WARNING: file z:/build/build/src/ipc/chromium/src/base/process_util_win.cc, line 188
1546463851110	addons.xpi	DEBUG	Ignoring file: name is not a valid add-on ID: C:\Users\swapn\AppData\Local\Temp\anonymous7920620267910379716webdriver-profile\extensions\webdriver-staging
1546463851112	addons.xpi	DEBUG	Existing add-on formautofill@mozilla.org in app-system-defaults
1546463851113	addons.xpi	DEBUG	Existing add-on screenshots@mozilla.org in app-system-defaults
1546463851114	addons.xpi	DEBUG	Existing add-on webcompat-reporter@mozilla.org in app-system-defaults
1546463851114	addons.xpi	DEBUG	Existing add-on webcompat@mozilla.org in app-system-defaults
1546463851117	addons.xpi	DEBUG	Existing add-on {4ED1F68A-5463-4931-9384-8FFF5ED91D92} in winreg-app-global
1546463851117	addons.xpi	DEBUG	scanForChanges changed: false, state: {}
JavaScript error: resource://gre/modules/addons/XPIProvider.jsm, line 2600: TypeError: addon is null

Build info: version: &amp;apos;2.53.1&amp;apos;, revision: &amp;apos;a36b8b1cd5757287168e54b817830adce9b0158d&amp;apos;, time: &amp;apos;2016-06-30 19:26:09&amp;apos;
System info: host: &amp;apos;DESKTOP-88C78MG&amp;apos;, ip: &amp;apos;192.168.1.14&amp;apos;, os.name: &amp;apos;Windows 10&amp;apos;, os.arch: &amp;apos;amd64&amp;apos;, os.version: &amp;apos;10.0&amp;apos;, java.version: &amp;apos;1.8.0_191&amp;apos;
Driver info: driver.version: FirefoxDriver">
      <![CDATA[org.openqa.selenium.WebDriverException: Failed to connect to binary FirefoxBinary(C:\Program Files\Mozilla Firefox\firefox.exe) on port 7055; process output follows: 
,"description":"McAfeeÂ® WebAdvisor","creator":null,"developers":null,"translators":null,"contributors":null,"locales":["zh-TW"]},{"name":"McAfeeÂ® WebAdvisor","description":"McAfeeÂ® WebAdvisor","creator":null,"developers":null,"translators":null,"contributors":null,"locales":["pt-BR"]},{"name":"McAfeeÂ® WebAdvisor","description":"McAfeeÂ® WebAdvisor","creator":null,"developers":null,"translators":null,"contributors":null,"locales":["da"]},{"name":"McAfeeÂ® WebAdvisor","description":"McAfeeÂ® WebAdvisor","creator":null,"developers":null,"translators":null,"contributors":null,"locales":["tr"]},{"name":"McAfeeÂ® WebAdvisor","description":"McAfeeÂ® WebAdvisor","creator":null,"developers":null,"translators":null,"contributors":null,"locales":["nl"]}],"targetApplications":[{"id":"toolkit@mozilla.org","minVersion":"51.0","maxVersion":null}],"targetPlatforms":[],"signedState":2,"seen":false,"dependencies":[],"hasEmbeddedWebExtension":false,"userPermissions":{"permissions":["tabs","downloads","nativeMessaging","webRequest","storage"],"origins":["<all_urls>","http://*/*","https://*/*"]},"icons":{"128":"images/webadvisor.png"},"iconURL":null,"icon64URL":null,"blocklistState":0,"blocklistURL":null,"startupData":null,"hidden":false,"installTelemetryInfo":{"source":"winreg-app-global","method":"sideload"},"location":"winreg-app-global"}
1546463828067addons.xpi-utilsDEBUGUpdating add-on states
1546463828145addons.xpiDEBUGCalling bootstrap method startup on formautofill@mozilla.org version 1.0
1546463828211addons.xpiDEBUGCalling bootstrap method startup on screenshots@mozilla.org version 35.0.0
1546463828212addons.xpiDEBUGCalling bootstrap method startup on webcompat@mozilla.org version 3.0.0
1546463828225addons.managerDEBUGRegistering shutdown blocker for XPIProvider
1546463828225addons.managerDEBUGProvider finished startup: XPIProvider
1546463828225addons.managerDEBUGStarting provider: LightweightThemeManager
1546463828225addons.managerDEBUGRegistering shutdown blocker for LightweightThemeManager
1546463828227addons.managerDEBUGProvider finished startup: LightweightThemeManager
1546463828228addons.managerDEBUGStarting provider: GMPProvider
1546463828277addons.managerDEBUGRegistering shutdown blocker for GMPProvider
1546463828278addons.managerDEBUGProvider finished startup: GMPProvider
1546463828278addons.managerDEBUGStarting provider: PluginProvider
1546463828278addons.managerDEBUGRegistering shutdown blocker for PluginProvider
1546463828278addons.managerDEBUGProvider finished startup: PluginProvider
1546463828298addons.managerDEBUGCompleted startup sequence
1546463840074addons.repositoryDEBUGNo addons.json found.
1546463849491addons.managerDEBUGRegistering upgrade listener for formautofill@mozilla.org
[Parent 16636, Gecko_IOThread] WARNING: pipe error: 109: file z:/build/build/src/ipc/chromium/src/chrome/common/ipc_channel_win.cc, line 346
[Child 37844, Chrome_ChildThread] WARNING: pipe error: 109: file z:/build/build/src/ipc/chromium/src/chrome/common/ipc_channel_win.cc, line 346
[Child 37844, Chrome_Ch[Parent 16636, Gecko_IOThread] WARNING: file z:/build/build/src/ipc/chromium/src/base/process_util_win.cc, line 188
1546463851110addons.xpiDEBUGIgnoring file: name is not a valid add-on ID: C:\Users\swapn\AppData\Local\Temp\anonymous7920620267910379716webdriver-profile\extensions\webdriver-staging
1546463851112addons.xpiDEBUGExisting add-on formautofill@mozilla.org in app-system-defaults
1546463851113addons.xpiDEBUGExisting add-on screenshots@mozilla.org in app-system-defaults
1546463851114addons.xpiDEBUGExisting add-on webcompat-reporter@mozilla.org in app-system-defaults
1546463851114addons.xpiDEBUGExisting add-on webcompat@mozilla.org in app-system-defaults
1546463851117addons.xpiDEBUGExisting add-on {4ED1F68A-5463-4931-9384-8FFF5ED91D92} in winreg-app-global
1546463851117addons.xpiDEBUGscanForChanges changed: false, state: {}
JavaScript error: resource://gre/modules/addons/XPIProvider.jsm, line 2600: TypeError: addon is null

Build info: version: '2.53.1', revision: 'a36b8b1cd5757287168e54b817830adce9b0158d', time: '2016-06-30 19:26:09'
System info: host: 'DESKTOP-88C78MG', ip: '192.168.1.14', os.name: 'Windows 10', os.arch: 'amd64', os.version: '10.0', java.version: '1.8.0_191'
Driver info: driver.version: FirefoxDriver
at org.openqa.selenium.firefox.internal.NewProfileExtensionConnection.start(NewProfileExtensionConnection.java:125)
at org.openqa.selenium.firefox.FirefoxDriver.startClient(FirefoxDriver.java:271)
at org.openqa.selenium.remote.RemoteWebDriver.<init>(RemoteWebDriver.java:119)
at org.openqa.selenium.firefox.FirefoxDriver.<init>(FirefoxDriver.java:216)
at org.openqa.selenium.firefox.FirefoxDriver.<init>(FirefoxDriver.java:211)
at org.openqa.selenium.firefox.FirefoxDriver.<init>(FirefoxDriver.java:207)
at org.openqa.selenium.firefox.FirefoxDriver.<init>(FirefoxDriver.java:120)
at org.test.mobile_app.mobile_app.App.beforeClass(App.java:27)
Caused by: org.openqa.selenium.firefox.NotConnectedException: Unable to connect to host 127.0.0.1 on port 7055 after 45000 ms. Firefox console output:
,"description":"McAfeeÂ® WebAdvisor","creator":null,"developers":null,"translators":null,"contributors":null,"locales":["zh-TW"]},{"name":"McAfeeÂ® WebAdvisor","description":"McAfeeÂ® WebAdvisor","creator":null,"developers":null,"translators":null,"contributors":null,"locales":["pt-BR"]},{"name":"McAfeeÂ® WebAdvisor","description":"McAfeeÂ® WebAdvisor","creator":null,"developers":null,"translators":null,"contributors":null,"locales":["da"]},{"name":"McAfeeÂ® WebAdvisor","description":"McAfeeÂ® WebAdvisor","creator":null,"developers":null,"translators":null,"contributors":null,"locales":["tr"]},{"name":"McAfeeÂ® WebAdvisor","description":"McAfeeÂ® WebAdvisor","creator":null,"developers":null,"translators":null,"contributors":null,"locales":["nl"]}],"targetApplications":[{"id":"toolkit@mozilla.org","minVersion":"51.0","maxVersion":null}],"targetPlatforms":[],"signedState":2,"seen":false,"dependencies":[],"hasEmbeddedWebExtension":false,"userPermissions":{"permissions":["tabs","downloads","nativeMessaging","webRequest","storage"],"origins":["<all_urls>","http://*/*","https://*/*"]},"icons":{"128":"images/webadvisor.png"},"iconURL":null,"icon64URL":null,"blocklistState":0,"blocklistURL":null,"startupData":null,"hidden":false,"installTelemetryInfo":{"source":"winreg-app-global","method":"sideload"},"location":"winreg-app-global"}
1546463828067addons.xpi-utilsDEBUGUpdating add-on states
1546463828145addons.xpiDEBUGCalling bootstrap method startup on formautofill@mozilla.org version 1.0
1546463828211addons.xpiDEBUGCalling bootstrap method startup on screenshots@mozilla.org version 35.0.0
1546463828212addons.xpiDEBUGCalling bootstrap method startup on webcompat@mozilla.org version 3.0.0
1546463828225addons.managerDEBUGRegistering shutdown blocker for XPIProvider
1546463828225addons.managerDEBUGProvider finished startup: XPIProvider
1546463828225addons.managerDEBUGStarting provider: LightweightThemeManager
1546463828225addons.managerDEBUGRegistering shutdown blocker for LightweightThemeManager
1546463828227addons.managerDEBUGProvider finished startup: LightweightThemeManager
1546463828228addons.managerDEBUGStarting provider: GMPProvider
1546463828277addons.managerDEBUGRegistering shutdown blocker for GMPProvider
1546463828278addons.managerDEBUGProvider finished startup: GMPProvider
1546463828278addons.managerDEBUGStarting provider: PluginProvider
1546463828278addons.managerDEBUGRegistering shutdown blocker for PluginProvider
1546463828278addons.managerDEBUGProvider finished startup: PluginProvider
1546463828298addons.managerDEBUGCompleted startup sequence
1546463840074addons.repositoryDEBUGNo addons.json found.
1546463849491addons.managerDEBUGRegistering upgrade listener for formautofill@mozilla.org
[Parent 16636, Gecko_IOThread] WARNING: pipe error: 109: file z:/build/build/src/ipc/chromium/src/chrome/common/ipc_channel_win.cc, line 346
[Child 37844, Chrome_ChildThread] WARNING: pipe error: 109: file z:/build/build/src/ipc/chromium/src/chrome/common/ipc_channel_win.cc, line 346
[Child 37844, Chrome_Ch[Parent 16636, Gecko_IOThread] WARNING: file z:/build/build/src/ipc/chromium/src/base/process_util_win.cc, line 188
1546463851110addons.xpiDEBUGIgnoring file: name is not a valid add-on ID: C:\Users\swapn\AppData\Local\Temp\anonymous7920620267910379716webdriver-profile\extensions\webdriver-staging
1546463851112addons.xpiDEBUGExisting add-on formautofill@mozilla.org in app-system-defaults
1546463851113addons.xpiDEBUGExisting add-on screenshots@mozilla.org in app-system-defaults
1546463851114addons.xpiDEBUGExisting add-on webcompat-reporter@mozilla.org in app-system-defaults
1546463851114addons.xpiDEBUGExisting add-on webcompat@mozilla.org in app-system-defaults
1546463851117addons.xpiDEBUGExisting add-on {4ED1F68A-5463-4931-9384-8FFF5ED91D92} in winreg-app-global
1546463851117addons.xpiDEBUGscanForChanges changed: false, state: {}
JavaScript error: resource://gre/modules/addons/XPIProvider.jsm, line 2600: TypeError: addon is null

at org.openqa.selenium.firefox.internal.NewProfileExtensionConnection.start(NewProfileExtensionConnection.java:113)
... 33 more
... Removed 26 stack frames]]>
    </failure>
  </testcase> <!-- @BeforeClass beforeClass -->
  <testcase name="@AfterClass afterClass" time="0.0" classname="org.test.mobile_app.mobile_app.App">
    <skipped/>
  </testcase> <!-- @AfterClass afterClass -->
  <testcase name="verifySearchButton" time="0.0" classname="org.test.mobile_app.mobile_app.App">
    <skipped/>
  </testcase> <!-- verifySearchButton -->
</testsuite> <!-- Test -->
